<?xml version="1.0" encoding="UTF-8" standalone="yes"?><!DOCTYPE report PUBLIC "-//JACOCO//DTD Report 1.1//EN" "report.dtd"><report name="dc-con-api-spring-reactive"><sessioninfo id="jenkins-786c4434" start="1587645267344" dump="1587645271731"/><package name="org/bremersee/dccon/api"><class name="org/bremersee/dccon/api/DomainGroupWebfluxManagementApi" sourcefilename="DomainGroupWebfluxManagementApi.java"/><class name="org/bremersee/dccon/api/NameServerWebfluxManagementApi" sourcefilename="NameServerWebfluxManagementApi.java"/><class name="org/bremersee/dccon/api/DomainUserWebfluxManagementApi" sourcefilename="DomainUserWebfluxManagementApi.java"/><class name="org/bremersee/dccon/api/DomainWebfluxManagementApi" sourcefilename="DomainWebfluxManagementApi.java"/><sourcefile name="NameServerWebfluxManagementApi.java"/><sourcefile name="DomainGroupWebfluxManagementApi.java"/><sourcefile name="DomainWebfluxManagementApi.java"/><sourcefile name="DomainUserWebfluxManagementApi.java"/></package></report>